

*******************************************************************************
Tue Jul 14 12:43:04 2015


FIT:    data read from '2N7000.txt' using ::101::201
        format = x:y:t:z:s
BREAK:          No data to fit 



*******************************************************************************
Tue Jul 14 12:43:16 2015


FIT:    data read from '2N7000.txt'
        format = z
        #datapoints = 221
        residuals are weighted equally (unit weight)

function used for fitting: a*x + b


*******************************************************************************
Tue Jul 14 12:43:22 2015


FIT:    data read from '2N7000.txt' every ::101::201
        format = z
        #datapoints = 101
        residuals are weighted equally (unit weight)

function used for fitting: a*x + b
fitted parameters initialized with current variable values



 Iteration 0
 WSSR        : 1231.87           delta(WSSR)/WSSR   : 0
 delta(WSSR) : 0                 limit for stopping : 1e-005
 lambda	  : 1.9216

initial set of free parameter values

a               = 1
b               = 1

After 4 iterations the fit converged.
final sum of squares of residuals : 0.00817277
rel. change during last iteration : -4.70235e-009

degrees of freedom    (FIT_NDF)                        : 99
rms of residuals      (FIT_STDFIT) = sqrt(WSSR/ndf)    : 0.00908588
variance of residuals (reduced chisquare) = WSSR/ndf   : 8.25532e-005

Final set of parameters            Asymptotic Standard Error
=======================            ==========================

a               = 0.0877856        +/- 0.003101     (3.532%)
b               = -0.19257         +/- 0.007836     (4.069%)


correlation matrix of the fit parameters:

               a      b      
a               1.000 
b              -0.993  1.000 


*******************************************************************************
Tue Jul 14 12:43:45 2015


FIT:    data read from '2N7000.txt' every ::101::201
        format = z
        #datapoints = 101
        residuals are weighted equally (unit weight)

function used for fitting: a*x**2 + b*x+c
fitted parameters initialized with current variable values



 Iteration 0
 WSSR        : 111.446           delta(WSSR)/WSSR   : 0
 delta(WSSR) : 0                 limit for stopping : 1e-005
 lambda	  : 4.09481

initial set of free parameter values

a               = 0.0877856
b               = -0.19257
c               = 1

After 5 iterations the fit converged.
final sum of squares of residuals : 8.61089e-005
rel. change during last iteration : -2.08329e-007

degrees of freedom    (FIT_NDF)                        : 98
rms of residuals      (FIT_STDFIT) = sqrt(WSSR/ndf)    : 0.00093737
variance of residuals (reduced chisquare) = WSSR/ndf   : 8.78663e-007

Final set of parameters            Asymptotic Standard Error
=======================            ==========================

a               = 0.117713         +/- 0.001227     (1.042%)
b               = -0.503133        +/- 0.006168     (1.226%)
c               = 0.539027         +/- 0.007669     (1.423%)


correlation matrix of the fit parameters:

               a      b      c      
a               1.000 
b              -0.999  1.000 
c               0.994 -0.999  1.000 


*******************************************************************************
Tue Jul 14 12:44:26 2015


FIT:    data read from '2N7000.txt' every ::151::201
        format = z
        #datapoints = 51
        residuals are weighted equally (unit weight)

function used for fitting: a*x**2 + b*x+c
fitted parameters initialized with current variable values



 Iteration 0
 WSSR        : 3.314e-005        delta(WSSR)/WSSR   : 0
 delta(WSSR) : 0                 limit for stopping : 1e-005
 lambda	  : 4.74897

initial set of free parameter values

a               = 0.117713
b               = -0.503133
c               = 0.539027

After 6 iterations the fit converged.
final sum of squares of residuals : 4.07964e-008
rel. change during last iteration : -2.33221e-006

degrees of freedom    (FIT_NDF)                        : 48
rms of residuals      (FIT_STDFIT) = sqrt(WSSR/ndf)    : 2.91535e-005
variance of residuals (reduced chisquare) = WSSR/ndf   : 8.49925e-010

Final set of parameters            Asymptotic Standard Error
=======================            ==========================

a               = 0.143286         +/- 0.0002108    (0.1471%)
b               = -0.640501        +/- 0.001164     (0.1817%)
c               = 0.722502         +/- 0.001603     (0.2218%)


correlation matrix of the fit parameters:

               a      b      c      
a               1.000 
b              -1.000  1.000 
c               0.999 -1.000  1.000 


*******************************************************************************
Tue Jul 14 12:45:49 2015


FIT:    data read from '2N7000.txt' every ::121::201
        format = z
        #datapoints = 81
        residuals are weighted equally (unit weight)

function used for fitting: a*x**2 + b*x+c
fitted parameters initialized with current variable values



 Iteration 0
 WSSR        : 8.03031e-005      delta(WSSR)/WSSR   : 0
 delta(WSSR) : 0                 limit for stopping : 1e-005
 lambda	  : 4.34017

initial set of free parameter values

a               = 0.143286
b               = -0.640501
c               = 0.722502

After 6 iterations the fit converged.
final sum of squares of residuals : 8.15196e-006
rel. change during last iteration : -1.41103e-013

degrees of freedom    (FIT_NDF)                        : 78
rms of residuals      (FIT_STDFIT) = sqrt(WSSR/ndf)    : 0.000323284
variance of residuals (reduced chisquare) = WSSR/ndf   : 1.04512e-007

Final set of parameters            Asymptotic Standard Error
=======================            ==========================

a               = 0.132484         +/- 0.0007348    (0.5546%)
b               = -0.581392        +/- 0.003839     (0.6603%)
c               = 0.641946         +/- 0.004982     (0.776%)


correlation matrix of the fit parameters:

               a      b      c      
a               1.000 
b              -0.999  1.000 
c               0.997 -0.999  1.000 


*******************************************************************************
Tue Jul 14 12:48:08 2015


FIT:    data read from '2N7000.txt' every ::101::201
        format = z
        #datapoints = 101
        residuals are weighted equally (unit weight)

function used for fitting: a*x**2 + b*x+c
fitted parameters initialized with current variable values



 Iteration 0
 WSSR        : 0.000423628       delta(WSSR)/WSSR   : 0
 delta(WSSR) : 0                 limit for stopping : 1e-005
 lambda	  : 4.09481

initial set of free parameter values

a               = 0.132484
b               = -0.581392
c               = 0.641946

After 5 iterations the fit converged.
final sum of squares of residuals : 8.61089e-005
rel. change during last iteration : -1.38249e-007

degrees of freedom    (FIT_NDF)                        : 98
rms of residuals      (FIT_STDFIT) = sqrt(WSSR/ndf)    : 0.00093737
variance of residuals (reduced chisquare) = WSSR/ndf   : 8.78663e-007

Final set of parameters            Asymptotic Standard Error
=======================            ==========================

a               = 0.117713         +/- 0.001227     (1.042%)
b               = -0.503133        +/- 0.006168     (1.226%)
c               = 0.539027         +/- 0.007669     (1.423%)


correlation matrix of the fit parameters:

               a      b      c      
a               1.000 
b              -0.999  1.000 
c               0.994 -0.999  1.000 


*******************************************************************************
Tue Jul 14 12:48:25 2015


FIT:    data read from '2N7000.txt' every ::121::201
        format = z
        #datapoints = 81
        residuals are weighted equally (unit weight)

function used for fitting: a*x**2 + b*x+c
fitted parameters initialized with current variable values



 Iteration 0
 WSSR        : 5.69785e-005      delta(WSSR)/WSSR   : 0
 delta(WSSR) : 0                 limit for stopping : 1e-005
 lambda	  : 4.34017

initial set of free parameter values

a               = 0.117713
b               = -0.503133
c               = 0.539027

After 6 iterations the fit converged.
final sum of squares of residuals : 8.15196e-006
rel. change during last iteration : -3.2086e-013

degrees of freedom    (FIT_NDF)                        : 78
rms of residuals      (FIT_STDFIT) = sqrt(WSSR/ndf)    : 0.000323284
variance of residuals (reduced chisquare) = WSSR/ndf   : 1.04512e-007

Final set of parameters            Asymptotic Standard Error
=======================            ==========================

a               = 0.132484         +/- 0.0007348    (0.5546%)
b               = -0.581392        +/- 0.003839     (0.6603%)
c               = 0.641946         +/- 0.004982     (0.776%)


correlation matrix of the fit parameters:

               a      b      c      
a               1.000 
b              -0.999  1.000 
c               0.997 -0.999  1.000 
